<?xml version="1.0" encoding="UTF-8"?>
<testng-results skipped="0" failed="1" ignored="0" total="2" passed="1">
  <reporter-output>
  </reporter-output>
  <suite name="Default suite" duration-ms="13927" started-at="2018-02-08T17:29:22Z" finished-at="2018-02-08T17:29:36Z">
    <groups>
    </groups>
    <test name="Default test" duration-ms="13927" started-at="2018-02-08T17:29:22Z" finished-at="2018-02-08T17:29:36Z">
      <class name="NetflixLogin.NetflixLoginPage">
        <test-method status="PASS" signature="setUp()[pri:0, instance:NetflixLogin.NetflixLoginPage@475530b9]" name="setUp" is-config="true" duration-ms="3063" started-at="2018-02-08T11:29:22Z" finished-at="2018-02-08T11:29:25Z">
          <reporter-output>
          </reporter-output>
        </test-method> <!-- setUp -->
        <test-method status="FAIL" signature="testUntitled2()[pri:0, instance:NetflixLogin.NetflixLoginPage@475530b9]" name="testUntitled2" duration-ms="7120" started-at="2018-02-08T11:29:25Z" finished-at="2018-02-08T11:29:32Z">
          <exception class="java.lang.NullPointerException">
            <full-stacktrace>
              <![CDATA[java.lang.NullPointerExceptionat NetflixLogin.NetflixLogin.ProvideUserInfo(NetflixLogin.java:14)at NetflixLogin.NetflixLoginPage.testUntitled2(NetflixLoginPage.java:53)at sun.reflect.NativeMethodAccessorImpl.invoke0(Native Method)at sun.reflect.NativeMethodAccessorImpl.invoke(Unknown Source)at sun.reflect.DelegatingMethodAccessorImpl.invoke(Unknown Source)at java.lang.reflect.Method.invoke(Unknown Source)at org.testng.internal.MethodInvocationHelper.invokeMethod(MethodInvocationHelper.java:124)at org.testng.internal.Invoker.invokeMethod(Invoker.java:571)at org.testng.internal.Invoker.invokeTestMethod(Invoker.java:707)at org.testng.internal.Invoker.invokeTestMethods(Invoker.java:979)at org.testng.internal.TestMethodWorker.invokeTestMethods(TestMethodWorker.java:125)at org.testng.internal.TestMethodWorker.run(TestMethodWorker.java:109)at org.testng.TestRunner.privateRun(TestRunner.java:648)at org.testng.TestRunner.run(TestRunner.java:505)at org.testng.SuiteRunner.runTest(SuiteRunner.java:455)at org.testng.SuiteRunner.runSequentially(SuiteRunner.java:450)at org.testng.SuiteRunner.privateRun(SuiteRunner.java:415)at org.testng.SuiteRunner.run(SuiteRunner.java:364)at org.testng.SuiteRunnerWorker.runSuite(SuiteRunnerWorker.java:52)at org.testng.SuiteRunnerWorker.run(SuiteRunnerWorker.java:84)at org.testng.TestNG.runSuitesSequentially(TestNG.java:1187)at org.testng.TestNG.runSuitesLocally(TestNG.java:1116)at org.testng.TestNG.runSuites(TestNG.java:1028)at org.testng.TestNG.run(TestNG.java:996)at org.testng.remote.AbstractRemoteTestNG.run(AbstractRemoteTestNG.java:114)at org.testng.remote.RemoteTestNG.initAndRun(RemoteTestNG.java:251)at org.testng.remote.RemoteTestNG.main(RemoteTestNG.java:77)]]>
            </full-stacktrace>
          </exception> <!-- java.lang.NullPointerException -->
          <reporter-output>
          </reporter-output>
        </test-method> <!-- testUntitled2 -->
        <test-method status="PASS" signature="tearDown()[pri:0, instance:NetflixLogin.NetflixLoginPage@475530b9]" name="tearDown" is-config="true" duration-ms="792" started-at="2018-02-08T11:29:32Z" finished-at="2018-02-08T11:29:33Z">
          <reporter-output>
          </reporter-output>
        </test-method> <!-- tearDown -->
        <test-method status="PASS" signature="setUp()[pri:0, instance:NetflixLogin.NetflixLoginPage@475530b9]" name="setUp" is-config="true" duration-ms="2185" started-at="2018-02-08T11:29:33Z" finished-at="2018-02-08T11:29:35Z">
          <reporter-output>
          </reporter-output>
        </test-method> <!-- setUp -->
        <test-method status="PASS" signature="testanotherone()[pri:0, instance:NetflixLogin.NetflixLoginPage@475530b9]" name="testanotherone" duration-ms="1" started-at="2018-02-08T11:29:35Z" finished-at="2018-02-08T11:29:35Z">
          <reporter-output>
          </reporter-output>
        </test-method> <!-- testanotherone -->
        <test-method status="PASS" signature="tearDown()[pri:0, instance:NetflixLogin.NetflixLoginPage@475530b9]" name="tearDown" is-config="true" duration-ms="732" started-at="2018-02-08T11:29:35Z" finished-at="2018-02-08T11:29:36Z">
          <reporter-output>
          </reporter-output>
        </test-method> <!-- tearDown -->
      </class> <!-- NetflixLogin.NetflixLoginPage -->
    </test> <!-- Default test -->
  </suite> <!-- Default suite -->
</testng-results>
